2024-05-09 03:45:38,664 - pyswarms.single.global_best - INFO - Optimize for 5 iters with {'c1': 2.05, 'c2': 2.05, 'w': 0.5}
2024-05-09 03:48:43,712 - pyswarms.single.global_best - INFO - Optimization finished | best cost: 5895.23454975898, best pos: [1.8109435880491584 1.5529845619876508 0.75344414738511
 0.2500844631667443 0.9185789551317636 0.9576936912093517
 0.6944993344073588 2.5320610968645303]
2024-05-09 03:50:07,336 - pyswarms.single.global_best - INFO - Optimize for 5 iters with {'c1': 2.05, 'c2': 2.05, 'w': 0.5}
2024-05-09 03:52:38,500 - pyswarms.single.global_best - INFO - Optimization finished | best cost: 5895.233736478207, best pos: [1.9374726390823136  2.067996168168878   0.7273927148903857
 0.04627688606202973 0.4721589364073167  0.666370416631618
 0.5725120409773445  2.6568005318801404 ]
2024-05-09 03:52:45,102 - pyswarms.single.global_best - INFO - Optimize for 5 iters with {'c1': 2.05, 'c2': 2.05, 'w': 0.5}
2024-05-09 03:54:55,322 - pyswarms.single.global_best - INFO - Optimization finished | best cost: 5895.224059993817, best pos: [1.9374726390823136  2.067996168168878   0.7273927148903857
 0.04627688606202973 0.4721589364073167  0.666370416631618
 0.5725120409773445  2.6568005318801404 ]
2024-05-09 03:55:01,912 - pyswarms.single.global_best - INFO - Optimize for 5 iters with {'c1': 2.05, 'c2': 2.05, 'w': 0.5}
2024-05-09 03:56:57,727 - pyswarms.single.global_best - INFO - Optimization finished | best cost: 5895.224045805445, best pos: [1.9374726390823136  2.067996168168878   0.7273927148903857
 0.04627688606202973 0.4721589364073167  0.666370416631618
 0.5725120409773445  2.6568005318801404 ]
2024-05-09 03:57:04,319 - pyswarms.single.global_best - INFO - Optimize for 5 iters with {'c1': 2.05, 'c2': 2.05, 'w': 0.5}
2024-05-09 03:59:39,815 - pyswarms.single.global_best - INFO - Optimization finished | best cost: 5895.211740258596, best pos: [1.9374726390823136  2.067996168168878   0.7273927148903857
 0.04627688606202973 0.4721589364073167  0.666370416631618
 0.5725120409773445  2.6568005318801404 ]
2024-05-09 03:59:46,414 - pyswarms.single.global_best - INFO - Optimize for 5 iters with {'c1': 2.05, 'c2': 2.05, 'w': 0.5}
2024-05-09 04:01:58,838 - pyswarms.single.global_best - INFO - Optimization finished | best cost: 5895.245556806906, best pos: [1.9374726390823136  2.067996168168878   0.7273927148903857
 0.04627688606202973 0.4721589364073167  0.666370416631618
 0.5725120409773445  2.6568005318801404 ]
2024-05-09 07:20:15,641 - pyswarms.single.global_best - INFO - Optimize for 5 iters with {'c1': 2.05, 'c2': 2.05, 'w': 0.5}
2024-05-09 07:23:35,211 - pyswarms.single.global_best - INFO - Optimization finished | best cost: 5895.331954694067, best pos: [0.9405311343164422  0.15922847575865706 0.09119639741737406
 0.6040091852655144  0.4142720539853334  0.14893126794864053
 0.7884221973719087  5.                 ]
2024-05-09 07:23:41,799 - pyswarms.single.global_best - INFO - Optimize for 5 iters with {'c1': 2.05, 'c2': 2.05, 'w': 0.5}
2024-05-09 07:27:23,818 - pyswarms.single.global_best - INFO - Optimization finished | best cost: 5895.18795263107, best pos: [1.3855395689521377  0.3598492029584188  0.6502308969132655
 0.5555037495858066  0.17587134398619853 1.505328582638917
 0.6403622074158775  1.8809566291786748 ]
2024-05-09 07:27:30,405 - pyswarms.single.global_best - INFO - Optimize for 5 iters with {'c1': 2.05, 'c2': 2.05, 'w': 0.5}
2024-05-09 07:31:54,842 - pyswarms.single.global_best - INFO - Optimization finished | best cost: 5895.19116294681, best pos: [1.3855395689521377  0.3598492029584188  0.6502308969132655
 0.5555037495858066  0.17587134398619853 1.505328582638917
 0.6403622074158775  1.8809566291786748 ]
2024-05-09 07:32:01,443 - pyswarms.single.global_best - INFO - Optimize for 5 iters with {'c1': 2.05, 'c2': 2.05, 'w': 0.5}
2024-05-09 07:34:58,763 - pyswarms.single.global_best - INFO - Optimization finished | best cost: 5895.194508526455, best pos: [1.3855395689521377  0.3598492029584188  0.6502308969132655
 0.5555037495858066  0.17587134398619853 1.505328582638917
 0.6403622074158775  1.8809566291786748 ]
2024-05-09 07:35:05,390 - pyswarms.single.global_best - INFO - Optimize for 5 iters with {'c1': 2.05, 'c2': 2.05, 'w': 0.5}
2024-05-09 07:37:25,717 - pyswarms.single.global_best - INFO - Optimization finished | best cost: 5895.19116294681, best pos: [1.3855395689521377  0.3598492029584188  0.6502308969132655
 0.5555037495858066  0.17587134398619853 1.505328582638917
 0.6403622074158775  1.8809566291786748 ]
2024-05-09 10:00:20,399 - pyswarms.single.global_best - INFO - Optimize for 5 iters with {'c1': 2.05, 'c2': 2.05, 'w': 0.5}
2024-05-09 10:03:18,915 - pyswarms.single.global_best - INFO - Optimization finished | best cost: 1.2492504760152436, best pos: [1.1591188119759048  1.4646338551519016  0.9410969332663499
 0.7616945772344843  0.23437944567420244 1.1642711532778784
 1.0406923743211434  6.758036304983482  ]
2024-05-09 10:03:25,496 - pyswarms.single.global_best - INFO - Optimize for 5 iters with {'c1': 2.05, 'c2': 2.05, 'w': 0.5}
2024-05-09 10:06:29,099 - pyswarms.single.global_best - INFO - Optimization finished | best cost: 0.9436848762751238, best pos: [1.8388228620058362 1.6323357617836247 0.9042749599614857
 1.0567793649803026 2.6217009420293476 1.5569023933845778
 0.1660021049598348 7.680318191478601 ]
2024-05-09 10:06:35,695 - pyswarms.single.global_best - INFO - Optimize for 5 iters with {'c1': 2.05, 'c2': 2.05, 'w': 0.5}
2024-05-09 10:09:19,256 - pyswarms.single.global_best - INFO - Optimization finished | best cost: 0.8241305880620886, best pos: [1.8388228620058362 1.6323357617836247 0.9042749599614857
 1.0567793649803026 2.6217009420293476 1.5569023933845778
 0.1660021049598348 7.680318191478601 ]
2024-05-09 10:09:25,842 - pyswarms.single.global_best - INFO - Optimize for 5 iters with {'c1': 2.05, 'c2': 2.05, 'w': 0.5}
2024-05-09 10:11:43,348 - pyswarms.single.global_best - INFO - Optimization finished | best cost: 0.8398697775188684, best pos: [1.8475160431962658    1.4677817447226515    1.3481227655206482
 1.3664420371704018    2.0822429277122425    1.745765389926092
 0.0034720440716924372 8.344471911655312    ]
2024-05-09 10:11:49,936 - pyswarms.single.global_best - INFO - Optimize for 5 iters with {'c1': 2.05, 'c2': 2.05, 'w': 0.5}
2024-05-09 10:13:46,087 - pyswarms.single.global_best - INFO - Optimization finished | best cost: 0.8529099778038693, best pos: [1.8475160431962658    1.4677817447226515    1.3481227655206482
 1.3664420371704018    2.0822429277122425    1.745765389926092
 0.0034720440716924372 8.344471911655312    ]
2024-05-09 10:14:48,048 - pyswarms.single.global_best - INFO - Optimize for 5 iters with {'c1': 2.05, 'c2': 2.05, 'w': 0.5}
2024-05-09 10:21:13,740 - pyswarms.single.global_best - INFO - Optimization finished | best cost: 0.7707236534050013, best pos: [ 0.43081244401192653  0.454710503261717    0.3871618137188033
  0.945435807402958    0.6752718002426724   0.5971913403314006
  0.5246889350765189  10.84813317150754   ]
2024-05-09 10:21:20,376 - pyswarms.single.global_best - INFO - Optimize for 5 iters with {'c1': 2.05, 'c2': 2.05, 'w': 0.5}
2024-05-09 10:28:33,762 - pyswarms.single.global_best - INFO - Optimization finished | best cost: 0.7148392685324683, best pos: [ 0.44567298602241534  0.36963479305630975  0.5289196088315258
  0.9437403652665002   0.6540727357736219   1.0001639154407744
  0.6043964160904787  10.820959477865266  ]
2024-05-09 10:28:40,376 - pyswarms.single.global_best - INFO - Optimize for 5 iters with {'c1': 2.05, 'c2': 2.05, 'w': 0.5}
2024-05-09 10:33:33,942 - pyswarms.single.global_best - INFO - Optimization finished | best cost: 0.7444947004028301, best pos: [ 0.489788  0.351135  0.69865   0.90804   0.665499  0.430821  0.554178
 10.816616]
2024-05-09 10:33:40,558 - pyswarms.single.global_best - INFO - Optimize for 5 iters with {'c1': 2.05, 'c2': 2.05, 'w': 0.5}
2024-05-09 10:39:32,078 - pyswarms.single.global_best - INFO - Optimization finished | best cost: 0.7659762518858274, best pos: [ 0.6621922867752797  0.5476611983008608  0.9446448821335813
  0.8395088620405072  0.6888256269628747  0.5088557579761591
  0.549609419763544  10.907088349475185 ]
2024-05-09 10:39:38,682 - pyswarms.single.global_best - INFO - Optimize for 5 iters with {'c1': 2.05, 'c2': 2.05, 'w': 0.5}
2024-05-09 10:45:23,151 - pyswarms.single.global_best - INFO - Optimization finished | best cost: 0.6918213346952071, best pos: [ 0.2584522044968516    0.433382914599637     0.38119400856567764
  0.002476673326340162  0.6433284239548378    2.7443994104123597
  0.37607674850942024  10.872765104039544   ]
2024-05-09 11:35:40,477 - pyswarms.single.global_best - INFO - Optimize for 5 iters with {'c1': 2.05, 'c2': 2.05, 'w': 0.5}
2024-05-09 11:40:30,954 - pyswarms.single.global_best - INFO - Optimization finished | best cost: 0.6960574049852741, best pos: [ 0.7135039122681247  1.5362654729010825  1.3268861052755545
  0.9833519271134861  1.4778748024088288  0.7004627427675784
  0.4687066116237443 10.47655887514171  ]
2024-05-09 11:40:37,596 - pyswarms.single.global_best - INFO - Optimize for 5 iters with {'c1': 2.05, 'c2': 2.05, 'w': 0.5}
2024-05-09 11:45:19,785 - pyswarms.single.global_best - INFO - Optimization finished | best cost: 0.6912159272089061, best pos: [ 0.713504  1.536265  1.326886  0.983352  1.477875  0.700463  0.468707
 10.476559]
2024-05-09 11:45:26,388 - pyswarms.single.global_best - INFO - Optimize for 5 iters with {'c1': 2.05, 'c2': 2.05, 'w': 0.5}
2024-05-09 11:49:17,743 - pyswarms.single.global_best - INFO - Optimization finished | best cost: 0.6931760009979232, best pos: [ 0.857852  1.538674  2.048807  1.111813  1.859917  0.573063  0.496405
 12.108527]
2024-05-09 11:49:24,346 - pyswarms.single.global_best - INFO - Optimize for 5 iters with {'c1': 2.05, 'c2': 2.05, 'w': 0.5}
2024-05-09 11:53:28,948 - pyswarms.single.global_best - INFO - Optimization finished | best cost: 0.6933754083616004, best pos: [ 0.857852  1.538674  2.048807  1.111813  1.859917  0.573063  0.496405
 12.108527]
2024-05-09 11:53:35,559 - pyswarms.single.global_best - INFO - Optimize for 5 iters with {'c1': 2.05, 'c2': 2.05, 'w': 0.5}
2024-05-09 11:57:15,441 - pyswarms.single.global_best - INFO - Optimization finished | best cost: 0.6645127667071558, best pos: [ 0.9287605418673424  1.8135584163082255  2.117921126276793
  1.1333996833155846  2.034077345808517   3.4412760466037016
  0.5120874208056374 12.079850638178515 ]
2024-05-09 14:39:20,266 - pyswarms.single.global_best - INFO - Optimize for 5 iters with {'c1': 2.05, 'c2': 2.05, 'w': 0.5}
2024-05-09 14:49:43,291 - pyswarms.single.global_best - INFO - Optimization finished | best cost: 5962.308247680428, best pos: [0.010361853775621474 0.40649130204721784  0.09627119515583732
 0.6057008740317017   0.8228899300839967   0.8369919541489068
 0.26689901917428327  6.0852402183264855  ]
2024-05-09 14:49:49,874 - pyswarms.single.global_best - INFO - Optimize for 5 iters with {'c1': 2.05, 'c2': 2.05, 'w': 0.5}
2024-05-09 14:59:54,182 - pyswarms.single.global_best - INFO - Optimization finished | best cost: 5963.130150720403, best pos: [ 2.3147536218102873   1.5844132624365537   4.4401652269446785
  0.10302011288397339  0.9524196374354817   1.3601009855772725
  0.5866160161374117  -1.52731740331487   ]
2024-05-09 15:00:00,786 - pyswarms.single.global_best - INFO - Optimize for 5 iters with {'c1': 2.05, 'c2': 2.05, 'w': 0.5}
2024-05-09 15:10:01,620 - pyswarms.single.global_best - INFO - Optimization finished | best cost: 5963.032573720533, best pos: [ 1.2325395402718797  1.142153990646204   3.0066266143087184
  0.1848646493261734  0.6994478354626589  1.7191151083909029
  1.3210356726171895 -1.2380371315870535]
2024-05-09 15:10:08,212 - pyswarms.single.global_best - INFO - Optimize for 5 iters with {'c1': 2.05, 'c2': 2.05, 'w': 0.5}
2024-05-09 15:18:24,338 - pyswarms.single.global_best - INFO - Optimization finished | best cost: 5962.965343479137, best pos: [ 1.349551522034853   0.8671947803516089  3.1066376505509132
  0.1576741420714882  0.7671984012530884  2.064210659284515
  1.5005882470108587 -1.2925509758635456]
2024-05-09 15:18:30,943 - pyswarms.single.global_best - INFO - Optimize for 5 iters with {'c1': 2.05, 'c2': 2.05, 'w': 0.5}
2024-05-09 15:31:47,871 - pyswarms.single.global_best - INFO - Optimization finished | best cost: 5962.939284412019, best pos: [ 1.349551522034853   0.8671947803516089  3.1066376505509132
  0.1576741420714882  0.7671984012530884  2.064210659284515
  1.5005882470108587 -1.2925509758635456]
2024-05-16 01:06:59,032 - pyswarms.single.global_best - INFO - Optimize for 5 iters with {'c1': 2.05, 'c2': 2.05, 'w': 0.5}
2024-06-06 17:50:17,496 - pyswarms.single.global_best - INFO - Optimize for 5 iters with {'c1': 2.05, 'c2': 2.05, 'w': 0.5}
2024-06-06 17:51:12,644 - pyswarms.single.global_best - INFO - Optimize for 5 iters with {'c1': 2.05, 'c2': 2.05, 'w': 0.5}
2024-06-06 17:54:31,197 - pyswarms.single.global_best - INFO - Optimization finished | best cost: 5430.81383769555, best pos: [0.08728109540467388 0.8847018387063617  0.86592573212478
 0.7683649807537785  0.33021547725076816 0.6707997919915665
 0.9154636979640673  5.711073855172518  ]
2024-06-06 17:54:37,753 - pyswarms.single.global_best - INFO - Optimize for 10 iters with {'c1': 2.05, 'c2': 2.05, 'w': 0.5}
2024-06-06 18:02:13,169 - pyswarms.single.global_best - INFO - Optimization finished | best cost: 5430.810821628295, best pos: [0.05981905820619272 0.9004990905493565  0.8732035822461259
 0.3141622761997726  0.8633653203328358  0.682745607638399
 1.1412980063750404  5.511565988283468  ]
2024-06-06 18:02:19,733 - pyswarms.single.global_best - INFO - Optimize for 10 iters with {'c1': 2.05, 'c2': 2.05, 'w': 0.5}
2024-06-06 18:07:59,832 - pyswarms.single.global_best - INFO - Optimization finished | best cost: 5430.7490712347535, best pos: [0.05981905820619272 0.9004990905493565  0.8732035822461259
 0.3141622761997726  0.8633653203328358  0.682745607638399
 1.1412980063750404  5.511565988283468  ]
2024-06-06 18:08:06,401 - pyswarms.single.global_best - INFO - Optimize for 10 iters with {'c1': 2.05, 'c2': 2.05, 'w': 0.5}
2024-06-06 18:14:15,596 - pyswarms.single.global_best - INFO - Optimization finished | best cost: 5430.822578171273, best pos: [0.05981905820619272 0.9004990905493565  0.8732035822461259
 0.3141622761997726  0.8633653203328358  0.682745607638399
 1.1412980063750404  5.511565988283468  ]
2024-06-06 18:14:22,165 - pyswarms.single.global_best - INFO - Optimize for 10 iters with {'c1': 2.05, 'c2': 2.05, 'w': 0.5}
2024-06-06 18:20:11,656 - pyswarms.single.global_best - INFO - Optimization finished | best cost: 5431.360380680421, best pos: [0.20946487675960146 1.1954195284336175  1.0179567936056988
 0.5885506674562655  1.077924492338995   0.7074728752858224
 0.7682465430654848  7.119082161487965  ]
2024-06-06 18:20:18,235 - pyswarms.single.global_best - INFO - Optimize for 10 iters with {'c1': 2.05, 'c2': 2.05, 'w': 0.5}
2024-06-06 18:25:17,454 - pyswarms.single.global_best - INFO - Optimization finished | best cost: 5431.191089141181, best pos: [0.14822624014858832 1.1216910895608447  1.336201289732833
 0.17676691779981718 1.2132816450349253  0.8287407536195183
 0.8943208701329596  5.82181036780584   ]
2024-06-06 18:25:24,029 - pyswarms.single.global_best - INFO - Optimize for 10 iters with {'c1': 2.05, 'c2': 2.05, 'w': 0.5}
2024-06-06 18:30:40,152 - pyswarms.single.global_best - INFO - Optimization finished | best cost: 5430.959461407819, best pos: [0.2238635243512694 2.754845470065444  1.6885783836178252
 0.3015729715552522 1.3243687165912927 0.9561088865091206
 1.008268744426678  5.85399175892051  ]
2024-06-06 18:30:46,709 - pyswarms.single.global_best - INFO - Optimize for 10 iters with {'c1': 2.05, 'c2': 2.05, 'w': 0.5}
2024-06-06 18:35:50,438 - pyswarms.single.global_best - INFO - Optimization finished | best cost: 5431.11570805747, best pos: [0.1309990911735004 1.652855871315075  1.3705128649898308
 1.4414080005905676 2.6850832272305403 0.1467756698425693
 0.6809097004970929 5.425522086373014 ]
2024-06-06 18:35:57,016 - pyswarms.single.global_best - INFO - Optimize for 10 iters with {'c1': 2.05, 'c2': 2.05, 'w': 0.5}
